<?xml version="1.0" encoding="UTF-8"?>
<!-- Generated by org.testng.reporters.JUnitReportReporter -->
<testsuite hostname="DESKTOP-2L5L3R1" failures="0" tests="1" name="responseValidation.DynamicResponseValidationTest" time="2.722" errors="0" timestamp="2022-02-16T11:24:10 IST" skipped="0">
  <testcase classname="responseValidation.DynamicResponseValidationTest" name="dynamicValidation" time="2.722"/>
  <system-out/>
</testsuite> <!-- responseValidation.DynamicResponseValidationTest -->
