<?xml version="1.0" encoding="UTF-8"?>
<!-- Generated by org.testng.reporters.JUnitReportReporter -->
<testsuite hostname="DESKTOP-2L5L3R1" failures="0" tests="1" name="responseValidation.HamcrestResponseTimeValidationTest" time="2.962" errors="0" timestamp="2022-02-16T11:28:53 IST" skipped="0">
  <testcase classname="responseValidation.HamcrestResponseTimeValidationTest" name="hamcrestResponseTimeValidation" time="2.962"/>
  <system-out/>
</testsuite> <!-- responseValidation.HamcrestResponseTimeValidationTest -->
