<?xml version="1.0" encoding="UTF-8"?>
<!-- Generated by org.testng.reporters.JUnitReportReporter -->
<testsuite hostname="DESKTOP-2L5L3R1" failures="0" tests="1" name="crudWithBDD.GetAllProjects" time="2.934" errors="0" timestamp="2022-02-11T15:55:25 IST" skipped="0">
  <testcase classname="crudWithBDD.GetAllProjects" name="GetAllProjects" time="2.934"/>
  <system-out/>
</testsuite> <!-- crudWithBDD.GetAllProjects -->
