<?xml version="1.0" encoding="UTF-8"?>
<!-- Generated by org.testng.reporters.JUnitReportReporter -->
<testsuite hostname="DESKTOP-2L5L3R1" failures="0" tests="1" name="crudWithBDD.CreateUsingHashMap" time="2.681" errors="0" timestamp="2022-02-11T16:48:19 IST" skipped="0">
  <testcase classname="crudWithBDD.CreateUsingHashMap" name="CreateusingHM" time="2.681"/>
  <system-out/>
</testsuite> <!-- crudWithBDD.CreateUsingHashMap -->
