<?xml version="1.0" encoding="UTF-8"?>
<!-- Generated by org.testng.reporters.JUnitReportReporter -->
<testsuite hostname="DESKTOP-2L5L3R1" failures="0" tests="1" name="com.RMGYantra.Authentication.Oauth2AuthforCoopsAPI" time="4.082" errors="0" timestamp="2022-02-15T16:53:44 IST" skipped="0">
  <testcase classname="com.RMGYantra.Authentication.Oauth2AuthforCoopsAPI" name="CollectEggs" time="4.082"/>
  <system-out/>
</testsuite> <!-- com.RMGYantra.Authentication.Oauth2AuthforCoopsAPI -->
