<?xml version="1.0" encoding="UTF-8"?>
<!-- Generated by org.testng.reporters.JUnitReportReporter -->
<testsuite hostname="DESKTOP-2L5L3R1" failures="0" tests="1" name="crudWithBDD.CreateProjectTest" time="3.586" errors="0" timestamp="2022-02-11T16:21:16 IST" skipped="0">
  <testcase classname="crudWithBDD.CreateProjectTest" name="CreateProject" time="3.586"/>
  <system-out/>
</testsuite> <!-- crudWithBDD.CreateProjectTest -->
