<?xml version="1.0" encoding="UTF-8"?>
<!-- Generated by org.testng.reporters.JUnitReportReporter -->
<testsuite hostname="DESKTOP-2L5L3R1" failures="0" tests="1" name="parameters.QueryParamTest" time="4.317" errors="0" timestamp="2022-02-14T18:24:38 IST" skipped="0">
  <testcase classname="parameters.QueryParamTest" name="QueryParam" time="4.317"/>
  <system-out/>
</testsuite> <!-- parameters.QueryParamTest -->
