<?xml version="1.0" encoding="UTF-8"?>
<!-- Generated by org.testng.reporters.JUnitReportReporter -->
<testsuite hostname="DESKTOP-2L5L3R1" failures="0" tests="1" name="crudWithoutBDD.PutInPro" time="4.808" errors="0" timestamp="2022-02-11T13:38:18 IST" skipped="0">
  <testcase classname="crudWithoutBDD.PutInPro" name="put" time="4.808"/>
  <system-out/>
</testsuite> <!-- crudWithoutBDD.PutInPro -->
