<?xml version="1.0" encoding="UTF-8"?>
<!-- Generated by org.testng.reporters.JUnitReportReporter -->
<testsuite hostname="DESKTOP-2L5L3R1" failures="0" tests="1" name="responseValidation.StaticResponseValidationTest" time="2.680" errors="0" timestamp="2022-02-15T14:35:44 IST" skipped="0">
  <testcase classname="responseValidation.StaticResponseValidationTest" name="StaticValidation" time="2.680"/>
  <system-out/>
</testsuite> <!-- responseValidation.StaticResponseValidationTest -->
