<?xml version="1.0" encoding="UTF-8"?>
<!-- Generated by org.testng.reporters.JUnitReportReporter -->
<testsuite hostname="DESKTOP-2L5L3R1" failures="0" tests="1" name="com.RMGYantra.Authentication.BearerTokenAuthTest" time="2.817" errors="0" timestamp="2022-02-15T15:25:20 IST" skipped="0">
  <testcase classname="com.RMGYantra.Authentication.BearerTokenAuthTest" name="BearerTokenAuth" time="2.817"/>
  <system-out/>
</testsuite> <!-- com.RMGYantra.Authentication.BearerTokenAuthTest -->
