<?xml version="1.0" encoding="UTF-8"?>
<!-- Generated by org.testng.reporters.JUnitReportReporter -->
<testsuite hostname="DESKTOP-2L5L3R1" failures="0" tests="1" name="requestChaining.PostandDeleteProjectTest" time="8.196" errors="0" timestamp="2022-03-06T11:51:41 IST" skipped="0">
  <testcase classname="requestChaining.PostandDeleteProjectTest" name="PostandDelete" time="8.196"/>
  <system-out/>
</testsuite> <!-- requestChaining.PostandDeleteProjectTest -->
