<?xml version="1.0" encoding="UTF-8"?>
<!-- Generated by org.testng.reporters.JUnitReportReporter -->
<testsuite hostname="DESKTOP-2L5L3R1" failures="0" tests="1" name="responseValidation.StaticResponseValidation" time="4.080" errors="0" timestamp="2022-02-14T16:23:54 IST" skipped="0">
  <testcase classname="responseValidation.StaticResponseValidation" name="StaticValidation" time="4.080"/>
  <system-out/>
</testsuite> <!-- responseValidation.StaticResponseValidation -->
