<?xml version="1.0" encoding="UTF-8"?>
<!-- Generated by org.testng.reporters.JUnitReportReporter -->
<testsuite hostname="DESKTOP-2L5L3R1" failures="0" tests="1" name="crudWithoutBDD.DelProj" time="2.892" errors="0" timestamp="2022-02-11T13:00:10 IST" skipped="0">
  <testcase classname="crudWithoutBDD.DelProj" name="del" time="2.892"/>
  <system-out/>
</testsuite> <!-- crudWithoutBDD.DelProj -->
