<?xml version="1.0" encoding="UTF-8"?>
<!-- Generated by org.testng.reporters.JUnitReportReporter -->
<testsuite hostname="DESKTOP-2L5L3R1" failures="0" tests="1" name="crudWithBDD.GetAllProjectsTest" time="2.604" errors="0" timestamp="2022-02-14T12:48:58 IST" skipped="0">
  <testcase classname="crudWithBDD.GetAllProjectsTest" name="GetAllProjects" time="2.604"/>
  <system-out/>
</testsuite> <!-- crudWithBDD.GetAllProjectsTest -->
