<?xml version="1.0" encoding="UTF-8"?>
<!-- Generated by org.testng.reporters.JUnitReportReporter -->
<testsuite hostname="DESKTOP-2L5L3R1" failures="0" tests="1" name="endToEndScenario.EndToEndScenarioTest" time="10.044" errors="0" timestamp="2022-02-16T17:58:32 IST" skipped="0">
  <testcase classname="endToEndScenario.EndToEndScenarioTest" name="EndToEndSce" time="10.044"/>
  <system-out/>
</testsuite> <!-- endToEndScenario.EndToEndScenarioTest -->
