<?xml version="1.0" encoding="UTF-8"?>
<!-- Generated by org.testng.reporters.JUnitReportReporter -->
<testsuite hostname="DESKTOP-2L5L3R1" failures="0" tests="1" name="crudWithoutBDD.DeleteProjectTest" time="2.889" errors="0" timestamp="2022-02-14T12:41:53 IST" skipped="0">
  <testcase classname="crudWithoutBDD.DeleteProjectTest" name="DeleteProject" time="2.889"/>
  <system-out/>
</testsuite> <!-- crudWithoutBDD.DeleteProjectTest -->
