<?xml version="1.0" encoding="UTF-8"?>
<!-- Generated by org.testng.reporters.JUnitReportReporter -->
<testsuite hostname="DESKTOP-2L5L3R1" failures="0" tests="1" name="com.RMGYantra.Authentication.PreemtiveAuthTest" time="2.183" errors="0" timestamp="2022-02-15T13:42:32 IST" skipped="0">
  <testcase classname="com.RMGYantra.Authentication.PreemtiveAuthTest" name="PreemtiveAuth" time="2.183"/>
  <system-out/>
</testsuite> <!-- com.RMGYantra.Authentication.PreemtiveAuthTest -->
