<?xml version="1.0" encoding="UTF-8"?>
<!-- Generated by org.testng.reporters.JUnitReportReporter -->
<testsuite hostname="DESKTOP-2L5L3R1" failures="0" tests="1" name="parameters.PathParameterTest" time="2.183" errors="0" timestamp="2022-02-16T14:45:37 IST" skipped="0">
  <testcase classname="parameters.PathParameterTest" name="pathParameter" time="2.183"/>
  <system-out/>
</testsuite> <!-- parameters.PathParameterTest -->
