<?xml version="1.0" encoding="UTF-8"?>
<!-- Generated by org.testng.reporters.JUnitReportReporter -->
<testsuite hostname="DESKTOP-2L5L3R1" failures="0" tests="1" name="requestChaining.GetandDeleteProjectTest" time="3.682" errors="0" timestamp="2022-02-15T12:30:59 IST" skipped="0">
  <testcase classname="requestChaining.GetandDeleteProjectTest" name="getanddeleteProject" time="3.682"/>
  <system-out/>
</testsuite> <!-- requestChaining.GetandDeleteProjectTest -->
