<?xml version="1.0" encoding="UTF-8"?>
<!-- Generated by org.testng.reporters.JUnitReportReporter -->
<testsuite hostname="DESKTOP-2L5L3R1" failures="0" tests="1" name="com.RMGYantra.Authentication.Oauth2AuthenticationforCoopsAPI" time="3.777" errors="0" timestamp="2022-02-15T16:34:16 IST" skipped="0">
  <testcase classname="com.RMGYantra.Authentication.Oauth2AuthenticationforCoopsAPI" name="Ouath2Auth" time="3.777"/>
  <system-out/>
</testsuite> <!-- com.RMGYantra.Authentication.Oauth2AuthenticationforCoopsAPI -->
