<?xml version="1.0" encoding="UTF-8"?>
<!-- Generated by org.testng.reporters.JUnitReportReporter -->
<testsuite hostname="DESKTOP-2L5L3R1" failures="0" tests="1" name="Gui.testcase1" time="5.903" errors="0" timestamp="2022-02-16T17:51:10 IST" skipped="0">
  <testcase classname="Gui.testcase1" name="tc1" time="5.903"/>
  <system-out/>
</testsuite> <!-- Gui.testcase1 -->
