<?xml version="1.0" encoding="UTF-8"?>
<!-- Generated by org.testng.reporters.JUnitReportReporter -->
<testsuite hostname="DESKTOP-2L5L3R1" failures="0" tests="1" name="com.RMGYantra.Authentication.DigestiveAuthTest" time="4.162" errors="0" timestamp="2022-02-16T12:20:46 IST" skipped="0">
  <testcase classname="com.RMGYantra.Authentication.DigestiveAuthTest" name="DigestiveAuth" time="4.162"/>
  <system-out/>
</testsuite> <!-- com.RMGYantra.Authentication.DigestiveAuthTest -->
