<?xml version="1.0" encoding="UTF-8"?>
<!-- Generated by org.testng.reporters.JUnitReportReporter -->
<testsuite hostname="DESKTOP-2L5L3R1" failures="0" tests="4" name="com.RMGYantra.pojoClass.CreateMultipleProjectsusingPojoClassTest" time="4.248" errors="0" timestamp="2022-02-15T13:27:33 IST" skipped="0">
  <testcase classname="com.RMGYantra.pojoClass.CreateMultipleProjectsusingPojoClassTest" name="createProject" time="4.141"/>
  <system-out/>
  <testcase classname="com.RMGYantra.pojoClass.CreateMultipleProjectsusingPojoClassTest" name="createProject" time="0.033"/>
  <system-out/>
  <testcase classname="com.RMGYantra.pojoClass.CreateMultipleProjectsusingPojoClassTest" name="createProject" time="0.031"/>
  <system-out/>
  <testcase classname="com.RMGYantra.pojoClass.CreateMultipleProjectsusingPojoClassTest" name="createProject" time="0.043"/>
  <system-out/>
</testsuite> <!-- com.RMGYantra.pojoClass.CreateMultipleProjectsusingPojoClassTest -->
