<?xml version="1.0" encoding="UTF-8"?>
<!-- Generated by org.testng.reporters.JUnitReportReporter -->
<testsuite hostname="DESKTOP-2L5L3R1" failures="0" tests="1" name="com.RMGYantra.pojoClass.CreateProjectusingPojoTest" time="4.312" errors="0" timestamp="2022-02-14T21:08:48 IST" skipped="0">
  <testcase classname="com.RMGYantra.pojoClass.CreateProjectusingPojoTest" name="CreateProject" time="4.312"/>
  <system-out/>
</testsuite> <!-- com.RMGYantra.pojoClass.CreateProjectusingPojoTest -->
