<?xml version="1.0" encoding="UTF-8"?>
<!-- Generated by org.testng.reporters.JUnitReportReporter -->
<testsuite hostname="DESKTOP-2L5L3R1" failures="0" tests="1" name="crudWithoutBDD.CreateProjectTest" time="3.008" errors="0" timestamp="2022-02-10T19:02:48 IST" skipped="0">
  <testcase classname="crudWithoutBDD.CreateProjectTest" name="createProject" time="3.008"/>
  <system-out/>
</testsuite> <!-- crudWithoutBDD.CreateProjectTest -->
