<?xml version="1.0" encoding="UTF-8"?>
<!-- Generated by org.testng.reporters.JUnitReportReporter -->
<testsuite hostname="DESKTOP-2L5L3R1" failures="0" tests="1" name="crudWithBDD.CreatewithExternalFile" time="2.713" errors="0" timestamp="2022-02-11T17:04:48 IST" skipped="0">
  <testcase classname="crudWithBDD.CreatewithExternalFile" name="createwithExternal" time="2.713"/>
  <system-out/>
</testsuite> <!-- crudWithBDD.CreatewithExternalFile -->
