<?xml version="1.0" encoding="UTF-8"?>
<!-- Generated by org.testng.reporters.JUnitReportReporter -->
<testsuite hostname="DESKTOP-2L5L3R1" failures="0" tests="1" name="crudWithoutBDD.GetAll" time="2.402" errors="0" timestamp="2022-02-11T12:59:56 IST" skipped="0">
  <testcase classname="crudWithoutBDD.GetAll" name="getAll" time="2.402"/>
  <system-out/>
</testsuite> <!-- crudWithoutBDD.GetAll -->
