<?xml version="1.0" encoding="UTF-8"?>
<!-- Generated by org.testng.reporters.JUnitReportReporter -->
<testsuite hostname="DESKTOP-2L5L3R1" failures="0" tests="1" name="crudWithoutBDD.GetAllProjectsTest" time="3.382" errors="0" timestamp="2022-02-14T12:38:47 IST" skipped="0">
  <testcase classname="crudWithoutBDD.GetAllProjectsTest" name="GetAllProjects" time="3.382"/>
  <system-out/>
</testsuite> <!-- crudWithoutBDD.GetAllProjectsTest -->
