<?xml version="1.0" encoding="UTF-8"?>
<!-- Generated by org.testng.reporters.JUnitReportReporter -->
<testsuite hostname="DESKTOP-2L5L3R1" failures="0" tests="1" name="com.RMGYantra.Authentication.BearerTokentoCreateaRepoInGithubTest" time="4.144" errors="0" timestamp="2022-02-15T15:43:07 IST" skipped="0">
  <testcase classname="com.RMGYantra.Authentication.BearerTokentoCreateaRepoInGithubTest" name="BearerAuthToken" time="4.144"/>
  <system-out/>
</testsuite> <!-- com.RMGYantra.Authentication.BearerTokentoCreateaRepoInGithubTest -->
