<?xml version="1.0" encoding="UTF-8"?>
<!-- Generated by org.testng.reporters.JUnitReportReporter -->
<testsuite hostname="DESKTOP-2L5L3R1" failures="0" tests="1" name="parameters.QueryparamInReqres" time="3.322" errors="0" timestamp="2022-02-14T18:32:38 IST" skipped="0">
  <testcase classname="parameters.QueryparamInReqres" name="Queryparam" time="3.322"/>
  <system-out/>
</testsuite> <!-- parameters.QueryparamInReqres -->
