<?xml version="1.0" encoding="UTF-8"?>
<!-- Generated by org.testng.reporters.JUnitReportReporter -->
<testsuite hostname="DESKTOP-2L5L3R1" failures="0" tests="1" name="crudWithoutBDD.CreateProj" time="3.802" errors="0" timestamp="2022-02-11T13:22:06 IST" skipped="0">
  <testcase classname="crudWithoutBDD.CreateProj" name="create" time="3.802"/>
  <system-out/>
</testsuite> <!-- crudWithoutBDD.CreateProj -->
